<?xml version="1.0" encoding="UTF-8"?>
<testsuite xmlns:xsi="http://www.w3.org/2001/XMLSchema-instance" xsi:noNamespaceSchemaLocation="https://maven.apache.org/surefire/maven-surefire-plugin/xsd/surefire-test-report.xsd" name="application.AppTest" time="0.059" tests="8" errors="0" skipped="0" failures="0">
  <properties>
[...]
</properties>
  <testcase name="testValidInput" classname="application.AppTest" time="0.006"/>
  <testcase name="testInvalidInput2" classname="application.AppTest" time="0"/>
  <testcase name="testInvalidInput" classname="application.AppTest" time="0.002"/>
  <testcase name="testValidInput2" classname="application.AppTest" time="0"/>
  <testcase name="testValidInput3" classname="application.AppTest" time="0.002"/>
  <testcase name="testValidInput4" classname="application.AppTest" time="0.002"/>
  <testcase name="testValidInput5" classname="application.AppTest" time="0"/>
  <testcase name="testValidInput6" classname="application.AppTest" time="0"/>
</testsuite>